Build started 2015/7/16 13:39:31.
     1>Project "D:\VS2013\MYCODE\DecisionTree\DecisionTree\DecisionTree.vcxproj" on node 2 (Build target(s)).
     1>ClCompile:
         D:\VS2013\VC\bin\CL.exe /c /ZI /nologo /W3 /WX- /Od /Oy- /D WIN32 /D _DEBUG /D _CONSOLE /D _LIB /D _UNICODE /D UNICODE /Gm /EHsc /RTC1 /MDd /GS /fp:precise /Zc:wchar_t /Zc:forScope /Fo"Debug\\" /Fd"Debug\vc120.pdb" /Gd /TP /analyze- /errorReport:prompt tree.cpp
         tree.cpp
     1>d:\vs2013\mycode\decisiontree\decisiontree\tree.cpp(61): warning C4018: '<' : signed/unsigned mismatch
     1>d:\vs2013\mycode\decisiontree\decisiontree\tree.cpp(63): warning C4018: '<' : signed/unsigned mismatch
     1>d:\vs2013\mycode\decisiontree\decisiontree\tree.cpp(80): warning C4018: '<' : signed/unsigned mismatch
     1>d:\vs2013\mycode\decisiontree\decisiontree\tree.cpp(94): warning C4018: '<' : signed/unsigned mismatch
     1>d:\vs2013\mycode\decisiontree\decisiontree\tree.cpp(117): warning C4018: '<' : signed/unsigned mismatch
     1>d:\vs2013\mycode\decisiontree\decisiontree\tree.cpp(144): warning C4018: '<' : signed/unsigned mismatch
     1>d:\vs2013\mycode\decisiontree\decisiontree\tree.cpp(151): warning C4018: '<' : signed/unsigned mismatch
     1>d:\vs2013\mycode\decisiontree\decisiontree\tree.cpp(162): warning C4018: '<' : signed/unsigned mismatch
     1>d:\vs2013\mycode\decisiontree\decisiontree\tree.cpp(167): warning C4018: '<' : signed/unsigned mismatch
     1>d:\vs2013\mycode\decisiontree\decisiontree\tree.cpp(231): warning C4018: '<' : signed/unsigned mismatch
     1>d:\vs2013\mycode\decisiontree\decisiontree\tree.cpp(292): warning C4018: '<' : signed/unsigned mismatch
       Link:
         D:\VS2013\VC\bin\link.exe /ERRORREPORT:PROMPT /OUT:"D:\VS2013\MYCODE\DecisionTree\Debug\DecisionTree.exe" /INCREMENTAL /NOLOGO kernel32.lib user32.lib gdi32.lib winspool.lib comdlg32.lib advapi32.lib shell32.lib ole32.lib oleaut32.lib uuid.lib odbc32.lib odbccp32.lib /MANIFEST /MANIFESTUAC:"level='asInvoker' uiAccess='false'" /manifest:embed /DEBUG /PDB:"D:\VS2013\MYCODE\DecisionTree\Debug\DecisionTree.pdb" /SUBSYSTEM:CONSOLE /TLBID:1 /DYNAMICBASE /NXCOMPAT /IMPLIB:"D:\VS2013\MYCODE\DecisionTree\Debug\DecisionTree.lib" /MACHINE:X86 Debug\tree.obj
         DecisionTree.vcxproj -> D:\VS2013\MYCODE\DecisionTree\Debug\DecisionTree.exe
     1>Done Building Project "D:\VS2013\MYCODE\DecisionTree\DecisionTree\DecisionTree.vcxproj" (Build target(s)).

Build succeeded.

Time Elapsed 00:00:04.44
