Build started 2015/8/17 13:40:21.
     1>Project "D:\VS2013\MYCODE\Vector\Vector\Vector.vcxproj" on node 2 (Build target(s)).
     1>ClCompile:
         D:\VS2013\VC\bin\CL.exe /c /ZI /nologo /W3 /WX- /sdl /Od /Oy- /D WIN32 /D _DEBUG /D _CONSOLE /D _LIB /D _UNICODE /D UNICODE /Gm /EHsc /RTC1 /MDd /GS /fp:precise /Zc:wchar_t /Zc:forScope /Fo"Debug\\" /Fd"Debug\vc120.pdb" /Gd /TP /analyze- /errorReport:prompt Vector.cpp
         Vector.cpp
     1>d:\vs2013\mycode\vector\vector\vector.cpp(276): warning C4804: '<' : unsafe use of type 'bool' in operation
                 d:\vs2013\mycode\vector\vector\vector.cpp(265) : while compiling class template member function 'void Vector<int>::merge(Rank,Rank,Rank)'
                 d:\vs2013\mycode\vector\vector\vector.cpp(260) : see reference to function template instantiation 'void Vector<int>::merge(Rank,Rank,Rank)' being compiled
                 d:\vs2013\mycode\vector\vector\vector.cpp(112) : while compiling class template member function 'void Vector<int>::expand(void)'
                 d:\vs2013\mycode\vector\vector\vector.cpp(148) : see reference to function template instantiation 'void Vector<int>::expand(void)' being compiled
                 d:\vs2013\mycode\vector\vector\vector.cpp(92) : while compiling class template member function 'void Vector<int>::copyFrom(const T *,Rank,Rank)'
                 with
                 [
                     T=int
                 ]
                 d:\vs2013\mycode\vector\vector\vector.cpp(40) : see reference to function template instantiation 'void Vector<int>::copyFrom(const T *,Rank,Rank)' being compiled
                 with
                 [
                     T=int
                 ]
                 d:\vs2013\mycode\vector\vector\vector.cpp(299) : see reference to class template instantiation 'Vector<int>' being compiled
     1>d:\vs2013\mycode\vector\vector\vector.cpp(295): warning C4715: 'Vector<int>::search' : not all control paths return a value
       Link:
         D:\VS2013\VC\bin\link.exe /ERRORREPORT:PROMPT /OUT:"D:\VS2013\MYCODE\Vector\Debug\Vector.exe" /INCREMENTAL /NOLOGO kernel32.lib user32.lib gdi32.lib winspool.lib comdlg32.lib advapi32.lib shell32.lib ole32.lib oleaut32.lib uuid.lib odbc32.lib odbccp32.lib /MANIFEST /MANIFESTUAC:"level='asInvoker' uiAccess='false'" /manifest:embed /DEBUG /PDB:"D:\VS2013\MYCODE\Vector\Debug\Vector.pdb" /SUBSYSTEM:CONSOLE /TLBID:1 /DYNAMICBASE /NXCOMPAT /IMPLIB:"D:\VS2013\MYCODE\Vector\Debug\Vector.lib" /MACHINE:X86 Debug\Vector.obj
         Vector.vcxproj -> D:\VS2013\MYCODE\Vector\Debug\Vector.exe
     1>Done Building Project "D:\VS2013\MYCODE\Vector\Vector\Vector.vcxproj" (Build target(s)).

Build succeeded.

Time Elapsed 00:00:01.53
