d:\vs2013\mycode\stl\stl\debug\vc120.pdb
d:\vs2013\mycode\stl\stl\debug\vc120.idb
d:\vs2013\mycode\stl\stl\debug\stl.obj
d:\vs2013\mycode\stl\stl\debug\test.obj
d:\vs2013\mycode\stl\stl\debug\memorypool.obj
d:\vs2013\mycode\stl\stl\debug\command.obj
d:\vs2013\mycode\stl\debug\stl.ilk
d:\vs2013\mycode\stl\debug\stl.exe
d:\vs2013\mycode\stl\debug\stl.pdb
f:\mycode\stl\stl\debug\command.obj
f:\mycode\stl\stl\debug\memorypool.obj
f:\mycode\stl\stl\debug\stl.obj
f:\mycode\stl\stl\debug\test.obj
f:\mycode\stl\stl\debug\vc120.idb
f:\mycode\stl\stl\debug\vc120.pdb
f:\mycode\stl\debug\stl.pdb
f:\mycode\stl\debug\stl.exe
f:\mycode\stl\debug\stl.ilk
f:\mycode\stl\stl\debug\stl.tlog\cl.command.1.tlog
f:\mycode\stl\stl\debug\stl.tlog\cl.read.1.tlog
f:\mycode\stl\stl\debug\stl.tlog\cl.write.1.tlog
f:\mycode\stl\stl\debug\stl.tlog\link.command.1.tlog
f:\mycode\stl\stl\debug\stl.tlog\link.read.1.tlog
f:\mycode\stl\stl\debug\stl.tlog\link.write.1.tlog
